Using pre-set license
Built from '2021.3/staging' branch; Version is '2021.3.24f1 (cf10dcf7010d) revision 13570268'; Using compiler version '192829333'; Build Type 'Release'
OS: 'Windows 11  (10.0.22621) 64bit CoreSingleLanguage' Language: 'ru' Physical Memory: 7103 MB
BatchMode: 1, IsHumanControllingUs: 0, StartBugReporterOnCrash: 0, Is64bit: 1, IsPro: 1

COMMAND LINE ARGUMENTS:
C:\Program Files\Unity\Hub\Editor\2021.3.24f1\Editor\Unity.exe
-adb2
-batchMode
-noUpm
-name
AssetImportWorker0
-projectPath
C:/Users/olyaa/Documents/GitHub/Game_OP/My project (2)
-logFile
Logs/AssetImportWorker0.log
-srvPort
54047
Successfully changed project path to: C:/Users/olyaa/Documents/GitHub/Game_OP/My project (2)
C:/Users/olyaa/Documents/GitHub/Game_OP/My project (2)
[UnityMemory] Configuration Parameters - Can be set up in boot.config
    "memorysetup-bucket-allocator-granularity=16"
    "memorysetup-bucket-allocator-bucket-count=8"
    "memorysetup-bucket-allocator-block-size=33554432"
    "memorysetup-bucket-allocator-block-count=8"
    "memorysetup-main-allocator-block-size=16777216"
    "memorysetup-thread-allocator-block-size=16777216"
    "memorysetup-gfx-main-allocator-block-size=16777216"
    "memorysetup-gfx-thread-allocator-block-size=16777216"
    "memorysetup-cache-allocator-block-size=4194304"
    "memorysetup-typetree-allocator-block-size=2097152"
    "memorysetup-profiler-bucket-allocator-granularity=16"
    "memorysetup-profiler-bucket-allocator-bucket-count=8"
    "memorysetup-profiler-bucket-allocator-block-size=33554432"
    "memorysetup-profiler-bucket-allocator-block-count=8"
    "memorysetup-profiler-allocator-block-size=16777216"
    "memorysetup-profiler-editor-allocator-block-size=1048576"
    "memorysetup-temp-allocator-size-main=16777216"
    "memorysetup-job-temp-allocator-block-size=2097152"
    "memorysetup-job-temp-allocator-block-size-background=1048576"
    "memorysetup-job-temp-allocator-reduction-small-platforms=262144"
    "memorysetup-temp-allocator-size-background-worker=32768"
    "memorysetup-temp-allocator-size-job-worker=262144"
    "memorysetup-temp-allocator-size-preload-manager=33554432"
    "memorysetup-temp-allocator-size-nav-mesh-worker=65536"
    "memorysetup-temp-allocator-size-audio-worker=65536"
    "memorysetup-temp-allocator-size-cloud-worker=32768"
    "memorysetup-temp-allocator-size-gi-baking-worker=262144"
    "memorysetup-temp-allocator-size-gfx=262144"
Player connection [12156] Host "[IP] 192.168.0.101 [Port] 0 [Flags] 2 [Guid] 2652946361 [EditorId] 2652946361 [Version] 1048832 [Id] WindowsEditor(7,OLYANNAA) [Debug] 1 [PackageName] WindowsEditor [ProjectName] Editor" joined multi-casting on [225.0.0.222:54997]...

Player connection [12156] Host "[IP] 192.168.0.101 [Port] 0 [Flags] 2 [Guid] 2652946361 [EditorId] 2652946361 [Version] 1048832 [Id] WindowsEditor(7,OLYANNAA) [Debug] 1 [PackageName] WindowsEditor [ProjectName] Editor" joined alternative multi-casting on [225.0.0.222:34997]...

Refreshing native plugins compatible for Editor in 92.18 ms, found 3 plugins.
Preloading 0 native plugins for Editor in 0.00 ms.
Initialize engine version: 2021.3.24f1 (cf10dcf7010d)
[Subsystems] Discovering subsystems at path C:/Program Files/Unity/Hub/Editor/2021.3.24f1/Editor/Data/Resources/UnitySubsystems
[Subsystems] Discovering subsystems at path C:/Users/olyaa/Documents/GitHub/Game_OP/My project (2)/Assets
GfxDevice: creating device client; threaded=0; jobified=0
Direct3D:
    Version:  Direct3D 11.0 [level 11.1]
    Renderer: AMD Radeon(TM) Vega 8 Graphics (ID=0x15d8)
    Vendor:   ATI
    VRAM:     3551 MB
    Driver:   31.0.12029.4013
Initialize mono
Mono path[0] = 'C:/Program Files/Unity/Hub/Editor/2021.3.24f1/Editor/Data/Managed'
Mono path[1] = 'C:/Program Files/Unity/Hub/Editor/2021.3.24f1/Editor/Data/MonoBleedingEdge/lib/mono/unityjit-win32'
Mono config path = 'C:/Program Files/Unity/Hub/Editor/2021.3.24f1/Editor/Data/MonoBleedingEdge/etc'
Using monoOptions --debugger-agent=transport=dt_socket,embedding=1,server=y,suspend=n,address=127.0.0.1:56608
Begin MonoManager ReloadAssembly
Registering precompiled unity dll's ...
Register platform support module: C:/Program Files/Unity/Hub/Editor/2021.3.24f1/Editor/Data/PlaybackEngines/WebGLSupport/UnityEditor.WebGL.Extensions.dll
Register platform support module: C:/Program Files/Unity/Hub/Editor/2021.3.24f1/Editor/Data/PlaybackEngines/WindowsStandaloneSupport/UnityEditor.WindowsStandalone.Extensions.dll
Registered in 0.008424 seconds.
Native extension for WindowsStandalone target not found
Native extension for WebGL target not found
Refreshing native plugins compatible for Editor in 99.43 ms, found 3 plugins.
Preloading 0 native plugins for Editor in 0.00 ms.
Mono: successfully reloaded assembly
- Completed reload, in  1.007 seconds
Domain Reload Profiling:
	ReloadAssembly (1007ms)
		BeginReloadAssembly (146ms)
			ExecutionOrderSort (0ms)
			DisableScriptedObjects (0ms)
			BackupInstance (0ms)
			ReleaseScriptingObjects (0ms)
			CreateAndSetChildDomain (1ms)
		EndReloadAssembly (700ms)
			LoadAssemblies (143ms)
			RebuildTransferFunctionScriptingTraits (0ms)
			SetupTypeCache (160ms)
			ReleaseScriptCaches (0ms)
			RebuildScriptCaches (43ms)
			SetupLoadedEditorAssemblies (415ms)
				LogAssemblyErrors (0ms)
				InitializePlatformSupportModulesInManaged (12ms)
				SetLoadedEditorAssemblies (0ms)
				RefreshPlugins (100ms)
				BeforeProcessingInitializeOnLoad (2ms)
				ProcessInitializeOnLoadAttributes (217ms)
				ProcessInitializeOnLoadMethodAttributes (85ms)
				AfterProcessingInitializeOnLoad (0ms)
				EditorAssembliesLoaded (0ms)
			ExecutionOrderSort2 (0ms)
			AwakeInstancesAfterBackupRestoration (0ms)
Platform modules already initialized, skipping
Registering precompiled user dll's ...
Registered in 0.008155 seconds.
Begin MonoManager ReloadAssembly
Symbol file LoadedFromMemory doesn't match image C:\Users\olyaa\Documents\GitHub\Game_OP\My project (2)\Library\PackageCache\com.unity.visualscripting@1.8.0\Editor\VisualScripting.Core\Dependencies\YamlDotNet\Unity.VisualScripting.YamlDotNet.dll
Symbol file LoadedFromMemory doesn't match image C:\Users\olyaa\Documents\GitHub\Game_OP\My project (2)\Library\PackageCache\com.unity.visualscripting@1.8.0\Editor\VisualScripting.Core\Dependencies\DotNetZip\Unity.VisualScripting.IonicZip.dll
Native extension for WindowsStandalone target not found
Native extension for WebGL target not found
Refreshing native plugins compatible for Editor in 0.64 ms, found 3 plugins.
Preloading 0 native plugins for Editor in 0.00 ms.
Mono: successfully reloaded assembly
- Completed reload, in  1.469 seconds
Domain Reload Profiling:
	ReloadAssembly (1471ms)
		BeginReloadAssembly (167ms)
			ExecutionOrderSort (0ms)
			DisableScriptedObjects (8ms)
			BackupInstance (0ms)
			ReleaseScriptingObjects (0ms)
			CreateAndSetChildDomain (28ms)
		EndReloadAssembly (1151ms)
			LoadAssemblies (121ms)
			RebuildTransferFunctionScriptingTraits (0ms)
			SetupTypeCache (402ms)
			ReleaseScriptCaches (1ms)
			RebuildScriptCaches (79ms)
			SetupLoadedEditorAssemblies (492ms)
				LogAssemblyErrors (0ms)
				InitializePlatformSupportModulesInManaged (9ms)
				SetLoadedEditorAssemblies (1ms)
				RefreshPlugins (1ms)
				BeforeProcessingInitializeOnLoad (108ms)
				ProcessInitializeOnLoadAttributes (332ms)
				ProcessInitializeOnLoadMethodAttributes (31ms)
				AfterProcessingInitializeOnLoad (10ms)
				EditorAssembliesLoaded (0ms)
			ExecutionOrderSort2 (0ms)
			AwakeInstancesAfterBackupRestoration (9ms)
Platform modules already initialized, skipping
========================================================================
Worker process is ready to serve import requests
Launched and connected shader compiler UnityShaderCompiler.exe after 0.08 seconds
Refreshing native plugins compatible for Editor in 0.83 ms, found 3 plugins.
Preloading 0 native plugins for Editor in 0.00 ms.
Unloading 3047 Unused Serialized files (Serialized files now loaded: 0)
Unloading 24 unused Assets / (113.4 KB). Loaded Objects now: 3507.
Memory consumption went from 107.5 MB to 107.4 MB.
Total: 3.938700 ms (FindLiveObjects: 0.447000 ms CreateObjectMapping: 0.184300 ms MarkObjects: 3.170800 ms  DeleteObjects: 0.134600 ms)

AssetImportParameters requested are different than current active one (requested -> active):
  custom:video-decoder-ogg-theora: a1e56fd34408186e4bbccfd4996cb3dc -> 
  custom:container-muxer-webm: aa71ff27fc2769a1b78a27578f13a17b -> 
  custom:container-demuxer-webm: 4f35f7cbe854078d1ac9338744f61a02 -> 
  custom:video-encoder-webm-vp8: eb34c28f22e8b96e1ab97ce403110664 -> 
  custom:video-codec-MediaFoundation-h265: 746d11721c4dcdbdad8f713fa42b33f4 -> 
  custom:audio-encoder-webm-vorbis: bf7c407c2cedff20999df2af8eb42d56 -> 
  custom:framework-win-MediaFoundation: 216162199b28c13a410421893ffa2e32 -> 
  custom:container-demuxer-ogg: 62fdf1f143b41e24485cea50d1cbac27 -> 
  custom:video-decoder-webm-vp8: 9c59270c3fd7afecdb556c50c9e8de78 -> 
  custom:audio-decoder-ogg-vorbis: bf7c407c2cedff20999df2af8eb42d56 -> 
========================================================================
Received Import Request.
  Time since last request: 581465.789258 seconds.
  path: Assets/2D Casual UI/Sprite/GUI.png
  artifactKey: Guid(1eaee135ce037439d925cee5e41ce026) Importer(815301076,1909f56bfc062723c751e8b465ee728b)
Start importing Assets/2D Casual UI/Sprite/GUI.png using Guid(1eaee135ce037439d925cee5e41ce026) Importer(815301076,1909f56bfc062723c751e8b465ee728b)  -> (artifact id: 'e932a8264a818a1408b4eb330b4daa78') in 0.444423 seconds 
========================================================================
Received Import Request.
  Time since last request: 108.494077 seconds.
  path: Assets
  artifactKey: Guid(00000000000000001000000000000000) Importer(815301076,1909f56bfc062723c751e8b465ee728b)
Start importing Assets using Guid(00000000000000001000000000000000) Importer(815301076,1909f56bfc062723c751e8b465ee728b)  -> (artifact id: '79842766b460edbeab6a34051e857a80') in 0.013877 seconds 
========================================================================
Received Import Request.
  Time since last request: 22.213384 seconds.
  path: Assets/Ground.mat
  artifactKey: Guid(08408577a6f6c0a4fac82e25a2c2519c) Importer(815301076,1909f56bfc062723c751e8b465ee728b)
Start importing Assets/Ground.mat using Guid(08408577a6f6c0a4fac82e25a2c2519c) Importer(815301076,1909f56bfc062723c751e8b465ee728b)  -> (artifact id: 'd93edfd3544a86d2bf2f5887d63ad916') in 0.341555 seconds 
========================================================================
Received Import Request.
  Time since last request: 58.816046 seconds.
  path: Assets/2D Casual UI/Original Artwork/GUI.psd
  artifactKey: Guid(836eca08b5e3b4550a4538c2238266fd) Importer(815301076,1909f56bfc062723c751e8b465ee728b)
Start importing Assets/2D Casual UI/Original Artwork/GUI.psd using Guid(836eca08b5e3b4550a4538c2238266fd) Importer(815301076,1909f56bfc062723c751e8b465ee728b)  -> (artifact id: '516138a8e317e19aa47929113d218bca') in 0.180819 seconds 
========================================================================
Received Import Request.
  Time since last request: 573.427803 seconds.
  path: Assets/Ground.mat
  artifactKey: Guid(08408577a6f6c0a4fac82e25a2c2519c) Importer(815301076,1909f56bfc062723c751e8b465ee728b)
Start importing Assets/Ground.mat using Guid(08408577a6f6c0a4fac82e25a2c2519c) Importer(815301076,1909f56bfc062723c751e8b465ee728b)  -> (artifact id: 'd2cc9ded3176446e28d6f3ec59083d85') in 0.025497 seconds 
========================================================================
Received Import Request.
  Time since last request: 14.003628 seconds.
  path: Assets/Фоны для игры
  artifactKey: Guid(4ba70bde5fd8b8f4ab766b538344e18b) Importer(815301076,1909f56bfc062723c751e8b465ee728b)
Start importing Assets/Фоны для игры using Guid(4ba70bde5fd8b8f4ab766b538344e18b) Importer(815301076,1909f56bfc062723c751e8b465ee728b)  -> (artifact id: 'fb740f03a00e240246e650229c55d58d') in 0.015395 seconds 
========================================================================
Received Import Request.
  Time since last request: 0.035107 seconds.
  path: Assets/Фоны для игры/inna-stefanova-seasonpass6-bg1.jpg
  artifactKey: Guid(e353e98bf8ed1354196d1a60dcb41bc5) Importer(815301076,1909f56bfc062723c751e8b465ee728b)
Start importing Assets/Фоны для игры/inna-stefanova-seasonpass6-bg1.jpg using Guid(e353e98bf8ed1354196d1a60dcb41bc5) Importer(815301076,1909f56bfc062723c751e8b465ee728b)  -> (artifact id: 'a9b0d637f5deed7197e6cfd898ba2c80') in 0.023854 seconds 
========================================================================
Received Import Request.
  Time since last request: 13.984352 seconds.
  path: Assets/Фоны для игры/inna-stefanova-seasonpass6-bg2.jpg
  artifactKey: Guid(46503f8b051c18a4a840d23f7b91ca6d) Importer(815301076,1909f56bfc062723c751e8b465ee728b)
Start importing Assets/Фоны для игры/inna-stefanova-seasonpass6-bg2.jpg using Guid(46503f8b051c18a4a840d23f7b91ca6d) Importer(815301076,1909f56bfc062723c751e8b465ee728b)  -> (artifact id: 'b1b83edc2ee3e4daf1f110ff18fdeae1') in 0.095631 seconds 
========================================================================
Received Import Request.
  Time since last request: 10.022713 seconds.
  path: Assets/Фоны для игры/inna-stefanova-seasonpass6-bg1.jpg
  artifactKey: Guid(e353e98bf8ed1354196d1a60dcb41bc5) Importer(815301076,1909f56bfc062723c751e8b465ee728b)
Start importing Assets/Фоны для игры/inna-stefanova-seasonpass6-bg1.jpg using Guid(e353e98bf8ed1354196d1a60dcb41bc5) Importer(815301076,1909f56bfc062723c751e8b465ee728b)  -> (artifact id: '9c325d88dcfb06bef658f6ae7895896d') in 0.281152 seconds 
========================================================================
Received Import Request.
  Time since last request: 745.078763 seconds.
  path: Assets/Фоны для игры/image (1).png
  artifactKey: Guid(d612ab1b89e3ba445baea265874c165f) Importer(815301076,1909f56bfc062723c751e8b465ee728b)
Start importing Assets/Фоны для игры/image (1).png using Guid(d612ab1b89e3ba445baea265874c165f) Importer(815301076,1909f56bfc062723c751e8b465ee728b)  -> (artifact id: 'f9f65f7101078424e9433fa0d0d1278b') in 0.032508 seconds 
========================================================================
Received Import Request.
  Time since last request: 13.114282 seconds.
  path: Assets/Фоны для игры/image (1).png
  artifactKey: Guid(d612ab1b89e3ba445baea265874c165f) Importer(815301076,1909f56bfc062723c751e8b465ee728b)
Start importing Assets/Фоны для игры/image (1).png using Guid(d612ab1b89e3ba445baea265874c165f) Importer(815301076,1909f56bfc062723c751e8b465ee728b)  -> (artifact id: 'a3bcac7d78ed79d86345168fcccde2d8') in 0.050814 seconds 
